2014-08-06 12:54:09.019 nextBeerApp[25967:70b] Multi-tasking -> Device: YES, App: YES
2014-08-06 12:54:09.445 nextBeerApp[25967:70b] Unlimited access to network resources
2014-08-06 12:54:11.165 nextBeerApp[25967:70b] [CDVTimer][keyboard] 0.134945ms
2014-08-06 12:54:11.166 nextBeerApp[25967:70b] CDVPlugin class CDVStatusBar (pluginName: statusbar) does not exist.
2014-08-06 12:54:11.167 nextBeerApp[25967:70b] [CDVTimer][statusbar] 0.580013ms
2014-08-06 12:54:11.167 nextBeerApp[25967:70b] [CDVTimer][TotalPluginStartup] 2.121031ms
2014-08-06 12:54:11.889 nextBeerApp[25967:70b] Resetting plugins due to page load.
2014-08-06 12:54:12.841 nextBeerApp[25967:70b] Finished load of: file:///Users/dh/Library/Application%20Support/iPhone%20Simulator/7.1/Applications/01E8EFAF-FBAC-43A7-BEF1-958D55AD0295/nextBeerApp.app/www/index.html
2014-08-06 12:54:12.930 nextBeerApp[25967:70b] THREAD WARNING: ['Device'] took '18.496094' ms. Plugin should use a background thread.
objc[27567]: Class AXEmojiUtilities is implemented in both /Applications/Xcode.app/Contents/Developer/Platforms/iPhoneSimulator.platform/Developer/SDKs/iPhoneSimulator7.1.sdk/System/Library/PrivateFrameworks/AccessibilityUtilities.framework/AccessibilityUtilities and /Applications/Xcode.app/Contents/Developer/Platforms/iPhoneSimulator.platform/Developer/SDKs/iPhoneSimulator7.1.sdk/usr/lib/libAXSpeechManager.dylib. One of the two will be used. Which one is undefined.
2014-08-06 13:16:04.121 nextBeerApp[27567:70b] Cannot find executable for CFBundle 0xa4616c0 </Applications/Xcode.app/Contents/Developer/Platforms/iPhoneSimulator.platform/Developer/SDKs/iPhoneSimulator7.1.sdk/System/Library/AccessibilityBundles/GeoServices.axbundle> (not loaded)
2014-08-06 13:16:04.130 nextBeerApp[27567:70b] Cannot find executable for CFBundle 0xa297960 </Applications/Xcode.app/Contents/Developer/Platforms/iPhoneSimulator.platform/Developer/SDKs/iPhoneSimulator7.1.sdk/System/Library/AccessibilityBundles/CertUIFramework.axbundle> (not loaded)
2014-08-06 13:16:04.337 nextBeerApp[27567:70b] Multi-tasking -> Device: YES, App: YES
2014-08-06 13:16:04.347 nextBeerApp[27567:70b] Unlimited access to network resources
2014-08-06 13:16:04.379 nextBeerApp[27567:70b] [CDVTimer][keyboard] 0.108004ms
2014-08-06 13:16:04.380 nextBeerApp[27567:70b] CDVPlugin class CDVStatusBar (pluginName: statusbar) does not exist.
2014-08-06 13:16:04.381 nextBeerApp[27567:70b] [CDVTimer][statusbar] 0.532031ms
2014-08-06 13:16:04.381 nextBeerApp[27567:70b] [CDVTimer][TotalPluginStartup] 1.846969ms
2014-08-06 13:16:05.153 nextBeerApp[27567:70b] Resetting plugins due to page load.
2014-08-06 13:16:05.639 nextBeerApp[27567:70b] Finished load of: file:///Users/dh/Library/Application%20Support/iPhone%20Simulator/7.1/Applications/01E8EFAF-FBAC-43A7-BEF1-958D55AD0295/nextBeerApp.app/www/index.html
objc[28477]: Class AXEmojiUtilities is implemented in both /Applications/Xcode.app/Contents/Developer/Platforms/iPhoneSimulator.platform/Developer/SDKs/iPhoneSimulator7.1.sdk/System/Library/PrivateFrameworks/AccessibilityUtilities.framework/AccessibilityUtilities and /Applications/Xcode.app/Contents/Developer/Platforms/iPhoneSimulator.platform/Developer/SDKs/iPhoneSimulator7.1.sdk/usr/lib/libAXSpeechManager.dylib. One of the two will be used. Which one is undefined.
2014-08-06 13:18:34.334 nextBeerApp[28477:70b] Cannot find executable for CFBundle 0xa585030 </Applications/Xcode.app/Contents/Developer/Platforms/iPhoneSimulator.platform/Developer/SDKs/iPhoneSimulator7.1.sdk/System/Library/AccessibilityBundles/CertUIFramework.axbundle> (not loaded)
2014-08-06 13:18:34.342 nextBeerApp[28477:70b] Cannot find executable for CFBundle 0xa59f750 </Applications/Xcode.app/Contents/Developer/Platforms/iPhoneSimulator.platform/Developer/SDKs/iPhoneSimulator7.1.sdk/System/Library/AccessibilityBundles/GeoServices.axbundle> (not loaded)
2014-08-06 13:18:34.561 nextBeerApp[28477:70b] Multi-tasking -> Device: YES, App: YES
2014-08-06 13:18:34.656 nextBeerApp[28477:70b] Unlimited access to network resources
2014-08-06 13:18:36.703 nextBeerApp[28477:70b] [CDVTimer][keyboard] 0.132978ms
2014-08-06 13:18:36.704 nextBeerApp[28477:70b] CDVPlugin class CDVStatusBar (pluginName: statusbar) does not exist.
2014-08-06 13:18:36.705 nextBeerApp[28477:70b] [CDVTimer][statusbar] 0.738978ms
2014-08-06 13:18:36.705 nextBeerApp[28477:70b] [CDVTimer][TotalPluginStartup] 2.246976ms
2014-08-06 13:18:37.321 nextBeerApp[28477:70b] Resetting plugins due to page load.
2014-08-06 13:18:38.488 nextBeerApp[28477:70b] Finished load of: file:///Users/dh/Library/Application%20Support/iPhone%20Simulator/7.1/Applications/01E8EFAF-FBAC-43A7-BEF1-958D55AD0295/nextBeerApp.app/www/index.html
objc[28699]: Class AXEmojiUtilities is implemented in both /Applications/Xcode.app/Contents/Developer/Platforms/iPhoneSimulator.platform/Developer/SDKs/iPhoneSimulator7.1.sdk/System/Library/PrivateFrameworks/AccessibilityUtilities.framework/AccessibilityUtilities and /Applications/Xcode.app/Contents/Developer/Platforms/iPhoneSimulator.platform/Developer/SDKs/iPhoneSimulator7.1.sdk/usr/lib/libAXSpeechManager.dylib. One of the two will be used. Which one is undefined.
2014-08-06 13:18:49.418 nextBeerApp[28699:70b] Cannot find executable for CFBundle 0xa4606d0 </Applications/Xcode.app/Contents/Developer/Platforms/iPhoneSimulator.platform/Developer/SDKs/iPhoneSimulator7.1.sdk/System/Library/AccessibilityBundles/GeoServices.axbundle> (not loaded)
2014-08-06 13:18:49.429 nextBeerApp[28699:70b] Cannot find executable for CFBundle 0xa37e230 </Applications/Xcode.app/Contents/Developer/Platforms/iPhoneSimulator.platform/Developer/SDKs/iPhoneSimulator7.1.sdk/System/Library/AccessibilityBundles/CertUIFramework.axbundle> (not loaded)
2014-08-06 13:18:49.475 nextBeerApp[28699:70b] Multi-tasking -> Device: YES, App: YES
2014-08-06 13:18:49.484 nextBeerApp[28699:70b] Unlimited access to network resources
2014-08-06 13:18:49.512 nextBeerApp[28699:70b] [CDVTimer][keyboard] 0.123024ms
2014-08-06 13:18:49.512 nextBeerApp[28699:70b] CDVPlugin class CDVStatusBar (pluginName: statusbar) does not exist.
2014-08-06 13:18:49.513 nextBeerApp[28699:70b] [CDVTimer][statusbar] 0.560999ms
2014-08-06 13:18:49.513 nextBeerApp[28699:70b] [CDVTimer][TotalPluginStartup] 1.936018ms
2014-08-06 13:18:49.619 nextBeerApp[28699:70b] Resetting plugins due to page load.
2014-08-06 13:18:49.900 nextBeerApp[28699:70b] Finished load of: file:///Users/dh/Library/Application%20Support/iPhone%20Simulator/7.1/Applications/01E8EFAF-FBAC-43A7-BEF1-958D55AD0295/nextBeerApp.app/www/index.html
objc[28926]: Class AXEmojiUtilities is implemented in both /Applications/Xcode.app/Contents/Developer/Platforms/iPhoneSimulator.platform/Developer/SDKs/iPhoneSimulator7.1.sdk/System/Library/PrivateFrameworks/AccessibilityUtilities.framework/AccessibilityUtilities and /Applications/Xcode.app/Contents/Developer/Platforms/iPhoneSimulator.platform/Developer/SDKs/iPhoneSimulator7.1.sdk/usr/lib/libAXSpeechManager.dylib. One of the two will be used. Which one is undefined.
2014-08-06 13:19:26.795 nextBeerApp[28926:70b] Cannot find executable for CFBundle 0xa361ae0 </Applications/Xcode.app/Contents/Developer/Platforms/iPhoneSimulator.platform/Developer/SDKs/iPhoneSimulator7.1.sdk/System/Library/AccessibilityBundles/GeoServices.axbundle> (not loaded)
2014-08-06 13:19:26.801 nextBeerApp[28926:70b] Cannot find executable for CFBundle 0xa2879e0 </Applications/Xcode.app/Contents/Developer/Platforms/iPhoneSimulator.platform/Developer/SDKs/iPhoneSimulator7.1.sdk/System/Library/AccessibilityBundles/CertUIFramework.axbundle> (not loaded)
2014-08-06 13:19:26.834 nextBeerApp[28926:70b] Multi-tasking -> Device: YES, App: YES
2014-08-06 13:19:26.841 nextBeerApp[28926:70b] Unlimited access to network resources
2014-08-06 13:19:26.865 nextBeerApp[28926:70b] [CDVTimer][keyboard] 0.073016ms
2014-08-06 13:19:26.865 nextBeerApp[28926:70b] CDVPlugin class CDVStatusBar (pluginName: statusbar) does not exist.
2014-08-06 13:19:26.866 nextBeerApp[28926:70b] [CDVTimer][statusbar] 0.533044ms
2014-08-06 13:19:26.866 nextBeerApp[28926:70b] [CDVTimer][TotalPluginStartup] 1.676977ms
2014-08-06 13:19:26.952 nextBeerApp[28926:70b] Resetting plugins due to page load.
2014-08-06 13:19:27.147 nextBeerApp[28926:70b] Finished load of: file:///Users/dh/Library/Application%20Support/iPhone%20Simulator/7.1/Applications/01E8EFAF-FBAC-43A7-BEF1-958D55AD0295/nextBeerApp.app/www/index.html
objc[29160]: Class AXEmojiUtilities is implemented in both /Applications/Xcode.app/Contents/Developer/Platforms/iPhoneSimulator.platform/Developer/SDKs/iPhoneSimulator7.1.sdk/System/Library/PrivateFrameworks/AccessibilityUtilities.framework/AccessibilityUtilities and /Applications/Xcode.app/Contents/Developer/Platforms/iPhoneSimulator.platform/Developer/SDKs/iPhoneSimulator7.1.sdk/usr/lib/libAXSpeechManager.dylib. One of the two will be used. Which one is undefined.
2014-08-06 13:20:11.917 nextBeerApp[29160:70b] Cannot find executable for CFBundle 0xa4b1f40 </Applications/Xcode.app/Contents/Developer/Platforms/iPhoneSimulator.platform/Developer/SDKs/iPhoneSimulator7.1.sdk/System/Library/AccessibilityBundles/GeoServices.axbundle> (not loaded)
2014-08-06 13:20:11.925 nextBeerApp[29160:70b] Cannot find executable for CFBundle 0xa38e570 </Applications/Xcode.app/Contents/Developer/Platforms/iPhoneSimulator.platform/Developer/SDKs/iPhoneSimulator7.1.sdk/System/Library/AccessibilityBundles/CertUIFramework.axbundle> (not loaded)
2014-08-06 13:20:12.023 nextBeerApp[29160:70b] Multi-tasking -> Device: YES, App: YES
2014-08-06 13:20:12.034 nextBeerApp[29160:70b] Unlimited access to network resources
2014-08-06 13:20:12.066 nextBeerApp[29160:70b] [CDVTimer][keyboard] 0.111997ms
2014-08-06 13:20:12.067 nextBeerApp[29160:70b] CDVPlugin class CDVStatusBar (pluginName: statusbar) does not exist.
2014-08-06 13:20:12.068 nextBeerApp[29160:70b] [CDVTimer][statusbar] 0.553012ms
2014-08-06 13:20:12.068 nextBeerApp[29160:70b] [CDVTimer][TotalPluginStartup] 1.981020ms
2014-08-06 13:20:12.315 nextBeerApp[29160:70b] Resetting plugins due to page load.
2014-08-06 13:20:12.572 nextBeerApp[29160:70b] Finished load of: file:///Users/dh/Library/Application%20Support/iPhone%20Simulator/7.1/Applications/01E8EFAF-FBAC-43A7-BEF1-958D55AD0295/nextBeerApp.app/www/index.html
objc[29597]: Class AXEmojiUtilities is implemented in both /Applications/Xcode.app/Contents/Developer/Platforms/iPhoneSimulator.platform/Developer/SDKs/iPhoneSimulator7.1.sdk/System/Library/PrivateFrameworks/AccessibilityUtilities.framework/AccessibilityUtilities and /Applications/Xcode.app/Contents/Developer/Platforms/iPhoneSimulator.platform/Developer/SDKs/iPhoneSimulator7.1.sdk/usr/lib/libAXSpeechManager.dylib. One of the two will be used. Which one is undefined.
2014-08-06 13:20:49.260 nextBeerApp[29597:70b] Cannot find executable for CFBundle 0xa21c3c0 </Applications/Xcode.app/Contents/Developer/Platforms/iPhoneSimulator.platform/Developer/SDKs/iPhoneSimulator7.1.sdk/System/Library/AccessibilityBundles/GeoServices.axbundle> (not loaded)
2014-08-06 13:20:49.273 nextBeerApp[29597:70b] Cannot find executable for CFBundle 0xa44e360 </Applications/Xcode.app/Contents/Developer/Platforms/iPhoneSimulator.platform/Developer/SDKs/iPhoneSimulator7.1.sdk/System/Library/AccessibilityBundles/CertUIFramework.axbundle> (not loaded)
2014-08-06 13:20:49.304 nextBeerApp[29597:70b] Multi-tasking -> Device: YES, App: YES
2014-08-06 13:20:49.311 nextBeerApp[29597:70b] Unlimited access to network resources
2014-08-06 13:20:49.335 nextBeerApp[29597:70b] [CDVTimer][keyboard] 0.114977ms
2014-08-06 13:20:49.336 nextBeerApp[29597:70b] CDVPlugin class CDVStatusBar (pluginName: statusbar) does not exist.
2014-08-06 13:20:49.336 nextBeerApp[29597:70b] [CDVTimer][statusbar] 0.531971ms
2014-08-06 13:20:49.337 nextBeerApp[29597:70b] [CDVTimer][TotalPluginStartup] 2.137005ms
2014-08-06 13:20:49.409 nextBeerApp[29597:70b] Resetting plugins due to page load.
2014-08-06 13:20:49.615 nextBeerApp[29597:70b] Finished load of: file:///Users/dh/Library/Application%20Support/iPhone%20Simulator/7.1/Applications/01E8EFAF-FBAC-43A7-BEF1-958D55AD0295/nextBeerApp.app/www/index.html
Terminating in response to SpringBoard's termination.
objc[29861]: Class AXEmojiUtilities is implemented in both /Applications/Xcode.app/Contents/Developer/Platforms/iPhoneSimulator.platform/Developer/SDKs/iPhoneSimulator7.1.sdk/System/Library/PrivateFrameworks/AccessibilityUtilities.framework/AccessibilityUtilities and /Applications/Xcode.app/Contents/Developer/Platforms/iPhoneSimulator.platform/Developer/SDKs/iPhoneSimulator7.1.sdk/usr/lib/libAXSpeechManager.dylib. One of the two will be used. Which one is undefined.
2014-08-06 13:21:39.676 nextBeerApp[29861:70b] Cannot find executable for CFBundle 0xa390230 </Applications/Xcode.app/Contents/Developer/Platforms/iPhoneSimulator.platform/Developer/SDKs/iPhoneSimulator7.1.sdk/System/Library/AccessibilityBundles/GeoServices.axbundle> (not loaded)
2014-08-06 13:21:39.688 nextBeerApp[29861:70b] Cannot find executable for CFBundle 0xa2b51b0 </Applications/Xcode.app/Contents/Developer/Platforms/iPhoneSimulator.platform/Developer/SDKs/iPhoneSimulator7.1.sdk/System/Library/AccessibilityBundles/CertUIFramework.axbundle> (not loaded)
2014-08-06 13:21:39.792 nextBeerApp[29861:70b] Multi-tasking -> Device: YES, App: YES
2014-08-06 13:21:39.805 nextBeerApp[29861:70b] Unlimited access to network resources
2014-08-06 13:21:39.839 nextBeerApp[29861:70b] [CDVTimer][keyboard] 0.174999ms
2014-08-06 13:21:39.840 nextBeerApp[29861:70b] CDVPlugin class CDVStatusBar (pluginName: statusbar) does not exist.
2014-08-06 13:21:39.841 nextBeerApp[29861:70b] [CDVTimer][statusbar] 0.657976ms
2014-08-06 13:21:39.842 nextBeerApp[29861:70b] [CDVTimer][TotalPluginStartup] 2.610981ms
2014-08-06 13:21:39.995 nextBeerApp[29861:70b] Resetting plugins due to page load.
2014-08-06 13:21:40.387 nextBeerApp[29861:70b] Finished load of: file:///Users/dh/Library/Application%20Support/iPhone%20Simulator/7.1/Applications/01E8EFAF-FBAC-43A7-BEF1-958D55AD0295/nextBeerApp.app/www/index.html
objc[30095]: Class AXEmojiUtilities is implemented in both /Applications/Xcode.app/Contents/Developer/Platforms/iPhoneSimulator.platform/Developer/SDKs/iPhoneSimulator7.1.sdk/System/Library/PrivateFrameworks/AccessibilityUtilities.framework/AccessibilityUtilities and /Applications/Xcode.app/Contents/Developer/Platforms/iPhoneSimulator.platform/Developer/SDKs/iPhoneSimulator7.1.sdk/usr/lib/libAXSpeechManager.dylib. One of the two will be used. Which one is undefined.
2014-08-06 13:22:33.650 nextBeerApp[30095:70b] Cannot find executable for CFBundle 0xa277270 </Applications/Xcode.app/Contents/Developer/Platforms/iPhoneSimulator.platform/Developer/SDKs/iPhoneSimulator7.1.sdk/System/Library/AccessibilityBundles/GeoServices.axbundle> (not loaded)
2014-08-06 13:22:33.659 nextBeerApp[30095:70b] Cannot find executable for CFBundle 0xa575f80 </Applications/Xcode.app/Contents/Developer/Platforms/iPhoneSimulator.platform/Developer/SDKs/iPhoneSimulator7.1.sdk/System/Library/AccessibilityBundles/CertUIFramework.axbundle> (not loaded)
2014-08-06 13:22:33.731 nextBeerApp[30095:70b] Multi-tasking -> Device: YES, App: YES
2014-08-06 13:22:33.740 nextBeerApp[30095:70b] Unlimited access to network resources
2014-08-06 13:22:33.779 nextBeerApp[30095:70b] [CDVTimer][keyboard] 0.118971ms
2014-08-06 13:22:33.779 nextBeerApp[30095:70b] CDVPlugin class CDVStatusBar (pluginName: statusbar) does not exist.
2014-08-06 13:22:33.780 nextBeerApp[30095:70b] [CDVTimer][statusbar] 0.679970ms
2014-08-06 13:22:33.782 nextBeerApp[30095:70b] [CDVTimer][TotalPluginStartup] 4.010975ms
2014-08-06 13:22:33.975 nextBeerApp[30095:70b] Resetting plugins due to page load.
2014-08-06 13:22:34.220 nextBeerApp[30095:70b] Finished load of: file:///Users/dh/Library/Application%20Support/iPhone%20Simulator/7.1/Applications/01E8EFAF-FBAC-43A7-BEF1-958D55AD0295/nextBeerApp.app/www/index.html
objc[30328]: Class AXEmojiUtilities is implemented in both /Applications/Xcode.app/Contents/Developer/Platforms/iPhoneSimulator.platform/Developer/SDKs/iPhoneSimulator7.1.sdk/System/Library/PrivateFrameworks/AccessibilityUtilities.framework/AccessibilityUtilities and /Applications/Xcode.app/Contents/Developer/Platforms/iPhoneSimulator.platform/Developer/SDKs/iPhoneSimulator7.1.sdk/usr/lib/libAXSpeechManager.dylib. One of the two will be used. Which one is undefined.
2014-08-06 13:23:46.807 nextBeerApp[30328:70b] Cannot find executable for CFBundle 0xa360b80 </Applications/Xcode.app/Contents/Developer/Platforms/iPhoneSimulator.platform/Developer/SDKs/iPhoneSimulator7.1.sdk/System/Library/AccessibilityBundles/GeoServices.axbundle> (not loaded)
2014-08-06 13:23:46.816 nextBeerApp[30328:70b] Cannot find executable for CFBundle 0xa37f0e0 </Applications/Xcode.app/Contents/Developer/Platforms/iPhoneSimulator.platform/Developer/SDKs/iPhoneSimulator7.1.sdk/System/Library/AccessibilityBundles/CertUIFramework.axbundle> (not loaded)
2014-08-06 13:23:46.863 nextBeerApp[30328:70b] Multi-tasking -> Device: YES, App: YES
2014-08-06 13:23:46.875 nextBeerApp[30328:70b] Unlimited access to network resources
2014-08-06 13:23:46.911 nextBeerApp[30328:70b] [CDVTimer][keyboard] 0.110984ms
2014-08-06 13:23:46.912 nextBeerApp[30328:70b] CDVPlugin class CDVStatusBar (pluginName: statusbar) does not exist.
2014-08-06 13:23:46.912 nextBeerApp[30328:70b] [CDVTimer][statusbar] 0.537992ms
2014-08-06 13:23:46.913 nextBeerApp[30328:70b] [CDVTimer][TotalPluginStartup] 1.877010ms
2014-08-06 13:23:47.074 nextBeerApp[30328:70b] Resetting plugins due to page load.
2014-08-06 13:23:47.454 nextBeerApp[30328:70b] Finished load of: file:///Users/dh/Library/Application%20Support/iPhone%20Simulator/7.1/Applications/01E8EFAF-FBAC-43A7-BEF1-958D55AD0295/nextBeerApp.app/www/index.html
